<?xml version="1.0" encoding="UTF-8"?>
<!-- Generated by org.testng.reporters.JUnitXMLReporter -->
<testsuite ignored="0" hostname="LAPTOP-2G7FG5TV" failures="0" tests="9" name="Default test" time="192.723" errors="0" timestamp="2021-05-08T13:58:45 ICT">
  <testcase classname="AppiumTest.LoginTest" name="verifyLoginPage" time="0.505"/>
  <testcase classname="AppiumTest.LoginTest" name="loginSuccess" time="5.409"/>
  <testcase classname="AppiumTest.LoginTest" name="loginWithUppercaseUsername" time="5.255"/>
  <testcase classname="AppiumTest.LoginTest" name="loginWithUppercasePassword" time="4.831"/>
  <testcase classname="AppiumTest.LoginTest" name="loginWithSpecialCharacter" time="4.627"/>
  <testcase classname="AppiumTest.LoginTest" name="loginWithIncorrectUsername" time="4.709"/>
  <testcase classname="AppiumTest.LoginTest" name="loginWithIncorrectPassword" time="4.951"/>
  <testcase classname="AppiumTest.LoginTest" name="loginWithNullUsername" time="3.975"/>
  <testcase classname="AppiumTest.LoginTest" name="loginWithPassword" time="3.901"/>
</testsuite> <!-- Default test -->
