<?xml version="1.0" encoding="UTF-8"?>
<!-- Generated by org.testng.reporters.JUnitXMLReporter -->
<testsuite ignored="0" hostname="LAPTOP-2G7FG5TV" failures="0" tests="9" name="Default test" time="449.994" errors="0" timestamp="2021-05-06T16:58:51 ICT">
  <testcase classname="AppiumTest.AdminTest" name="checkAdminUserPage" time="4.632"/>
  <testcase classname="AppiumTest.AdminTest" name="AddUserSuccess" time="21.389"/>
  <testcase classname="AppiumTest.AdminTest" name="AddUserWithNotExistEmplyee" time="23.697"/>
  <testcase classname="AppiumTest.AdminTest" name="AddUserWithNullEmployeeName" time="22.879"/>
  <testcase classname="AppiumTest.AdminTest" name="AddUserWithInvalidUsername" time="23.217"/>
  <testcase classname="AppiumTest.AdminTest" name="AddUserWithNullUsername" time="25.367"/>
  <testcase classname="AppiumTest.AdminTest" name="AddUserWithExistUsername" time="21.181"/>
  <testcase classname="AppiumTest.AdminTest" name="AddUserWithInvalidPassword" time="23.736"/>
  <testcase classname="AppiumTest.AdminTest" name="AddUserWithNullPassword" time="23.134"/>
</testsuite> <!-- Default test -->
